2023-06-27 08:19:01.142 [pool-3-thread-1] INFO  com.rs.mv.mvvs.client.catalog.from.scan.CurrentPathScanner - [client:400205]scan file in current open file directory(C:/xampp/htdocs/SIIAN_BACK_END/app/Models)
2023-06-27 08:19:20.921 [pool-3-thread-1] INFO  com.rs.mv.mvvs.client.catalog.from.scan.CurrentPathScanner - [client:400205]scan file in current open file directory(C:/xampp/htdocs/SIIAN_BACK_END/app/Models)
2023-06-27 08:19:29.213 [pool-3-thread-1] INFO  com.rs.mv.mvvs.client.catalog.from.scan.CurrentPathScanner - [client:400205]scan file in current open file directory(C:/xampp/htdocs/SIIAN_BACK_END/app/Models)
2023-06-27 08:23:58.015 [pool-3-thread-1] INFO  com.rs.mv.mvvs.client.catalog.from.scan.CurrentPathScanner - [client:400205]scan file in current open file directory(C:/xampp/htdocs/SIIAN_BACK_END/database/migrations)
2023-06-27 08:25:04.717 [pool-3-thread-1] INFO  com.rs.mv.mvvs.client.catalog.from.scan.CurrentPathScanner - [client:400205]scan file in current open file directory(C:/xampp/htdocs/SIIAN_BACK_END/database/migrations)
2023-06-27 08:25:08.301 [pool-3-thread-1] INFO  com.rs.mv.mvvs.client.catalog.from.scan.CurrentPathScanner - [client:400205]scan file in current open file directory(C:/xampp/htdocs/SIIAN_BACK_END/database/migrations)
2023-06-27 08:27:44.730 [pool-3-thread-1] INFO  com.rs.mv.mvvs.client.catalog.from.scan.CurrentPathScanner - [client:400205]scan file in current open file directory(C:/xampp/htdocs/SIIAN_BACK_END/app/Http/Controllers)
2023-06-27 08:28:40.667 [pool-3-thread-1] INFO  com.rs.mv.mvvs.client.catalog.from.scan.CurrentPathScanner - [client:400205]scan file in current open file directory(C:/xampp/htdocs/SIIAN_BACK_END/database/migrations)
2023-06-27 08:32:35.766 [pool-3-thread-1] INFO  com.rs.mv.mvvs.client.catalog.from.scan.CurrentPathScanner - [client:400205]scan file in current open file directory(C:/xampp/htdocs/SIIAN_BACK_END/database/migrations)
2023-06-27 08:32:42.589 [pool-3-thread-1] INFO  com.rs.mv.mvvs.client.catalog.from.scan.CurrentPathScanner - [client:400205]scan file in current open file directory(C:/xampp/htdocs/SIIAN_BACK_END/database/migrations)
2023-06-27 08:33:11.033 [pool-3-thread-1] INFO  com.rs.mv.mvvs.client.catalog.from.scan.CurrentPathScanner - [client:400205]scan file in current open file directory(C:/xampp/htdocs/SIIAN_BACK_END/app/Http/Controllers)
2023-06-27 09:30:34.546 [pool-3-thread-1] INFO  com.rs.mv.mvvs.client.catalog.from.scan.CurrentPathScanner - [client:400205]scan file in current open file directory(C:/xampp/htdocs/SIIAN_BACK_END/database/migrations)
2023-06-27 09:32:37.171 [pool-3-thread-1] INFO  com.rs.mv.mvvs.client.catalog.from.scan.CurrentPathScanner - [client:400205]scan file in current open file directory(C:/xampp/htdocs/SIIAN_BACK_END/app/Models)
2023-06-27 09:32:49.128 [pool-3-thread-1] INFO  com.rs.mv.mvvs.client.catalog.from.scan.CurrentPathScanner - [client:400205]scan file in current open file directory(C:/xampp/htdocs/SIIAN_BACK_END/app/Models)
2023-06-27 09:33:06.645 [pool-3-thread-1] INFO  com.rs.mv.mvvs.client.catalog.from.scan.CurrentPathScanner - [client:400205]scan file in current open file directory(C:/xampp/htdocs/SIIAN_BACK_END/app/Http/Controllers)
2023-06-27 09:33:48.296 [pool-3-thread-1] INFO  com.rs.mv.mvvs.client.catalog.from.scan.CurrentPathScanner - [client:400205]scan file in current open file directory(C:/xampp/htdocs/SIIAN_BACK_END/app/Models)
2023-06-27 09:33:58.378 [pool-3-thread-1] INFO  com.rs.mv.mvvs.client.catalog.from.scan.CurrentPathScanner - [client:400205]scan file in current open file directory(C:/xampp/htdocs/SIIAN_BACK_END/database/migrations)
2023-06-27 10:02:41.013 [pool-3-thread-1] INFO  com.rs.mv.mvvs.client.catalog.from.scan.CurrentPathScanner - [client:400205]scan file in current open file directory(C:/xampp/htdocs/SIIAN_BACK_END/database/migrations)
2023-06-27 10:02:44.554 [pool-3-thread-1] INFO  com.rs.mv.mvvs.client.catalog.from.scan.CurrentPathScanner - [client:400205]scan file in current open file directory(C:/xampp/htdocs/SIIAN_BACK_END/database/migrations)
2023-06-27 10:30:50.407 [pool-3-thread-1] INFO  com.rs.mv.mvvs.client.catalog.from.scan.CurrentPathScanner - [client:400205]scan file in current open file directory(C:/xampp/htdocs/SIIAN_BACK_END/database/migrations)
2023-06-27 10:30:54.603 [pool-3-thread-1] INFO  com.rs.mv.mvvs.client.catalog.from.scan.CurrentPathScanner - [client:400205]scan file in current open file directory(C:/xampp/htdocs/SIIAN_BACK_END/database/migrations)
2023-06-27 10:31:01.850 [pool-3-thread-1] INFO  com.rs.mv.mvvs.client.catalog.from.scan.CurrentPathScanner - [client:400205]scan file in current open file directory(C:/xampp/htdocs/SIIAN_BACK_END/database/migrations)
2023-06-27 10:33:47.005 [pool-3-thread-1] INFO  com.rs.mv.mvvs.client.catalog.from.scan.CurrentPathScanner - [client:400205]scan file in current open file directory(C:/xampp/htdocs/SIIAN_BACK_END/database/migrations)
2023-06-27 10:34:05.236 [pool-3-thread-1] INFO  com.rs.mv.mvvs.client.catalog.from.scan.CurrentPathScanner - [client:400205]scan file in current open file directory(C:/xampp/htdocs/SIIAN_BACK_END/database/migrations)
2023-06-27 10:34:05.555 [pool-3-thread-1] INFO  com.rs.mv.mvvs.client.catalog.from.scan.CurrentPathScanner - [client:400205]scan file in current open file directory(C:/xampp/htdocs/SIIAN_BACK_END/app/Models)
2023-06-27 10:34:11.479 [pool-3-thread-1] INFO  com.rs.mv.mvvs.client.catalog.from.scan.CurrentPathScanner - [client:400205]scan file in current open file directory(C:/xampp/htdocs/SIIAN_BACK_END/database/migrations)
2023-06-27 10:34:12.609 [pool-3-thread-1] INFO  com.rs.mv.mvvs.client.catalog.from.scan.CurrentPathScanner - [client:400205]scan file in current open file directory(C:/xampp/htdocs/SIIAN_BACK_END/app/Models)
2023-06-27 10:34:16.446 [pool-3-thread-1] INFO  com.rs.mv.mvvs.client.catalog.from.scan.CurrentPathScanner - [client:400205]scan file in current open file directory(C:/xampp/htdocs/SIIAN_BACK_END/database/migrations)
2023-06-27 10:34:25.162 [pool-3-thread-1] INFO  com.rs.mv.mvvs.client.catalog.from.scan.CurrentPathScanner - [client:400205]scan file in current open file directory(C:/xampp/htdocs/SIIAN_BACK_END/app/Models)
2023-06-27 10:35:17.922 [pool-3-thread-1] INFO  com.rs.mv.mvvs.client.catalog.from.scan.CurrentPathScanner - [client:400205]scan file in current open file directory(C:/xampp/htdocs/SIIAN_BACK_END/app/Models)
2023-06-27 10:35:29.538 [pool-3-thread-1] INFO  com.rs.mv.mvvs.client.catalog.from.scan.CurrentPathScanner - [client:400205]scan file in current open file directory(C:/xampp/htdocs/SIIAN_BACK_END/database/migrations)
2023-06-27 10:35:35.423 [pool-3-thread-1] INFO  com.rs.mv.mvvs.client.catalog.from.scan.CurrentPathScanner - [client:400205]scan file in current open file directory(C:/xampp/htdocs/SIIAN_BACK_END/app/Models)
2023-06-27 10:38:23.425 [pool-3-thread-1] INFO  com.rs.mv.mvvs.client.catalog.from.scan.CurrentPathScanner - [client:400205]scan file in current open file directory(C:/xampp/htdocs/SIIAN_BACK_END/app/Models)
2023-06-27 10:38:30.174 [pool-3-thread-1] INFO  com.rs.mv.mvvs.client.catalog.from.scan.CurrentPathScanner - [client:400205]scan file in current open file directory(C:/xampp/htdocs/SIIAN_BACK_END/app/Models)
2023-06-27 10:40:42.605 [pool-3-thread-1] INFO  com.rs.mv.mvvs.client.catalog.from.scan.CurrentPathScanner - [client:400205]scan file in current open file directory(C:/xampp/htdocs/SIIAN_BACK_END/app/Models)
2023-06-27 10:40:43.510 [pool-3-thread-1] INFO  com.rs.mv.mvvs.client.catalog.from.scan.CurrentPathScanner - [client:400205]scan file in current open file directory(C:/xampp/htdocs/SIIAN_BACK_END/app/Models)
2023-06-27 10:42:29.754 [pool-3-thread-1] INFO  com.rs.mv.mvvs.client.catalog.from.scan.CurrentPathScanner - [client:400205]scan file in current open file directory(C:/xampp/htdocs/SIIAN_BACK_END/app/Models)
2023-06-27 10:43:58.020 [pool-3-thread-1] INFO  com.rs.mv.mvvs.client.catalog.from.scan.CurrentPathScanner - [client:400205]scan file in current open file directory(C:/xampp/htdocs/SIIAN_BACK_END/app/Models)
2023-06-27 10:44:01.897 [pool-3-thread-1] INFO  com.rs.mv.mvvs.client.catalog.from.scan.CurrentPathScanner - [client:400205]scan file in current open file directory(C:/xampp/htdocs/SIIAN_BACK_END/app/Models)
2023-06-27 10:44:05.467 [pool-3-thread-1] INFO  com.rs.mv.mvvs.client.catalog.from.scan.CurrentPathScanner - [client:400205]scan file in current open file directory(C:/xampp/htdocs/SIIAN_BACK_END/app/Models)
2023-06-27 10:44:13.028 [pool-3-thread-1] INFO  com.rs.mv.mvvs.client.catalog.from.scan.CurrentPathScanner - [client:400205]scan file in current open file directory(C:/xampp/htdocs/SIIAN_BACK_END/app/Models)
2023-06-27 10:44:14.411 [pool-3-thread-1] INFO  com.rs.mv.mvvs.client.catalog.from.scan.CurrentPathScanner - [client:400205]scan file in current open file directory(C:/xampp/htdocs/SIIAN_BACK_END/app/Models)
2023-06-27 10:44:26.368 [pool-3-thread-1] INFO  com.rs.mv.mvvs.client.catalog.from.scan.CurrentPathScanner - [client:400205]scan file in current open file directory(C:/xampp/htdocs/SIIAN_BACK_END/app/Http/Controllers)
2023-06-27 10:44:27.048 [pool-3-thread-1] INFO  com.rs.mv.mvvs.client.catalog.from.scan.CurrentPathScanner - [client:400205]scan file in current open file directory(C:/xampp/htdocs/SIIAN_BACK_END/app/Http/Controllers)
2023-06-27 14:01:25.343 [pool-3-thread-1] INFO  com.rs.mv.mvvs.client.catalog.from.scan.CurrentPathScanner - [client:400205]scan file in current open file directory(C:/xampp/htdocs/SIIAN_BACK_END/database/migrations)
2023-06-27 14:01:26.015 [pool-3-thread-1] INFO  com.rs.mv.mvvs.client.catalog.from.scan.CurrentPathScanner - [client:400205]scan file in current open file directory(C:/xampp/htdocs/SIIAN_BACK_END/database/migrations)
2023-06-27 14:01:30.392 [pool-3-thread-1] INFO  com.rs.mv.mvvs.client.catalog.from.scan.CurrentPathScanner - [client:400205]scan file in current open file directory(C:/xampp/htdocs/SIIAN_BACK_END/app/Http/Controllers)
2023-06-27 14:01:50.497 [pool-3-thread-1] INFO  com.rs.mv.mvvs.client.catalog.from.scan.CurrentPathScanner - [client:400205]scan file in current open file directory(C:/xampp/htdocs/SIIAN_BACK_END/database/migrations)
2023-06-27 14:02:00.696 [pool-3-thread-1] INFO  com.rs.mv.mvvs.client.catalog.from.scan.CurrentPathScanner - [client:400205]scan file in current open file directory(C:/xampp/htdocs/SIIAN_BACK_END/app/Http/Controllers)
2023-06-27 14:02:05.688 [pool-3-thread-1] INFO  com.rs.mv.mvvs.client.catalog.from.scan.CurrentPathScanner - [client:400205]scan file in current open file directory(C:/xampp/htdocs/SIIAN_BACK_END/database/migrations)
2023-06-27 14:02:14.591 [pool-3-thread-1] INFO  com.rs.mv.mvvs.client.catalog.from.scan.CurrentPathScanner - [client:400205]scan file in current open file directory(C:/xampp/htdocs/SIIAN_BACK_END/app/Http/Controllers)
2023-06-27 14:04:00.270 [pool-3-thread-1] INFO  com.rs.mv.mvvs.client.catalog.from.scan.CurrentPathScanner - [client:400205]scan file in current open file directory(C:/xampp/htdocs/SIIAN_BACK_END/resources/js)
2023-06-27 14:04:02.571 [pool-3-thread-1] INFO  com.rs.mv.mvvs.client.catalog.from.scan.CurrentPathScanner - [client:400205]scan file in current open file directory(C:/xampp/htdocs/SIIAN_BACK_END/resources/js)
2023-06-27 17:32:01.755 [pool-3-thread-1] INFO  com.rs.mv.mvvs.client.catalog.from.scan.CurrentPathScanner - [client:400205]scan file in current open file directory(C:/xampp/htdocs/SIIAN_BACK_END/public/js)
2023-06-27 17:32:58.551 [pool-3-thread-1] INFO  com.rs.mv.mvvs.client.catalog.from.scan.CurrentPathScanner - [client:400205]scan file in current open file directory(C:/xampp/htdocs/SIIAN_BACK_END/app/Http/Controllers)
2023-06-27 17:37:00.945 [pool-3-thread-1] INFO  com.rs.mv.mvvs.client.catalog.from.scan.CurrentPathScanner - [client:400205]scan file in current open file directory(C:/xampp/htdocs/SIIAN_BACK_END/app/Http/Controllers)
2023-06-27 17:37:24.523 [pool-3-thread-1] INFO  com.rs.mv.mvvs.client.catalog.from.scan.CurrentPathScanner - [client:400205]scan file in current open file directory(C:/xampp/htdocs/SIIAN_BACK_END/app/Http/Controllers)
2023-06-27 17:38:02.604 [pool-3-thread-1] INFO  com.rs.mv.mvvs.client.catalog.from.scan.CurrentPathScanner - [client:400205]scan file in current open file directory(C:/xampp/htdocs/SIIAN_BACK_END/app/Http/Controllers)
2023-06-27 17:38:09.278 [pool-3-thread-1] INFO  com.rs.mv.mvvs.client.catalog.from.scan.CurrentPathScanner - [client:400205]scan file in current open file directory(C:/xampp/htdocs/SIIAN_BACK_END/app/Http/Controllers)
2023-06-27 17:38:16.794 [pool-3-thread-1] INFO  com.rs.mv.mvvs.client.catalog.from.scan.CurrentPathScanner - [client:400205]scan file in current open file directory(C:/xampp/htdocs/SIIAN_BACK_END/app/Http/Controllers)
2023-06-27 17:38:16.906 [pool-3-thread-1] INFO  com.rs.mv.mvvs.client.catalog.from.scan.CurrentPathScanner - [client:400205]scan file in current open file directory(C:/xampp/htdocs/SIIAN_BACK_END/app/Http/Controllers)
2023-06-27 17:38:20.388 [pool-3-thread-1] INFO  com.rs.mv.mvvs.client.catalog.from.scan.CurrentPathScanner - [client:400205]scan file in current open file directory(C:/xampp/htdocs/SIIAN_BACK_END/app/Http/Controllers)
2023-06-27 17:40:35.547 [pool-3-thread-1] INFO  com.rs.mv.mvvs.client.catalog.from.scan.CurrentPathScanner - [client:400205]scan file in current open file directory(C:/xampp/htdocs/SIIAN_BACK_END/app/Http/Controllers)
2023-06-27 17:40:43.930 [pool-3-thread-1] INFO  com.rs.mv.mvvs.client.catalog.from.scan.CurrentPathScanner - [client:400205]scan file in current open file directory(C:/xampp/htdocs/SIIAN_BACK_END/app/Http/Controllers)
2023-06-27 17:40:46.648 [pool-3-thread-1] INFO  com.rs.mv.mvvs.client.catalog.from.scan.CurrentPathScanner - [client:400205]scan file in current open file directory(C:/xampp/htdocs/SIIAN_BACK_END/app/Http/Controllers)
2023-06-27 17:41:34.056 [pool-3-thread-1] INFO  com.rs.mv.mvvs.client.catalog.from.scan.CurrentPathScanner - [client:400205]scan file in current open file directory(C:/xampp/htdocs/SIIAN_BACK_END/app/Http/Controllers)
2023-06-27 17:46:26.733 [pool-3-thread-1] INFO  com.rs.mv.mvvs.client.catalog.from.scan.CurrentPathScanner - [client:400205]scan file in current open file directory(C:/xampp/htdocs/SIIAN_BACK_END/app/Http/Controllers)
2023-06-27 18:43:36.124 [pool-3-thread-1] INFO  com.rs.mv.mvvs.client.catalog.from.scan.CurrentPathScanner - [client:400205]scan file in current open file directory(C:/xampp/htdocs/SIIAN_BACK_END/app/Http/Controllers)
